[root@basic01 tls]# ./make-wannnet-csrkey.sh www.example.com m.example.com example.com
*** Creating certificate with CN=www.example.com
*** Adding subject alternative names: DNS:m.example.com,DNS:example.com

Generating a 2048 bit RSA private key
................+++
.........................................................................................................................................................+++
writing new private key to '/opt/pki/tls/private/www.example.com-20180915-key.pem'
-----
You are about to be asked to enter information that will be incorporated
into your certificate request.
What you are about to enter is what is called a Distinguished Name or a DN.
There are quite a few fields but you can leave some blank
For some fields there will be a default value,
If you enter '.', the field will be left blank.
-----
Country Name (2 letter code) [US]:State or Province Name (full name) [California]:Locality Name (eg, city) [Fremont]:Organization Name (eg, company) [example.com]:Organizational Unit Name (eg, section) []:Common Name (eg, your name or your server's hostname) []:Email Address [pki@example.com]:
Please enter the following 'extra' attributes
to be sent with your certificate request
A challenge password []:An optional company name []:

*** certificate request written to /opt/pki/tls/csr/www.example.com-20180915-csr.pem
[root@basic01 tls]#


Output of the certificate request:

[root@basic01 tls]# openssl req -in csr/www.example.com-20180915-csr.pem -text
Certificate Request:
    Data:
        Version: 0 (0x0)
        Subject: C=US, ST=California, L=Fremont, O=example.com, CN=www.example.com/emailAddress=pki@example.com
        Subject Public Key Info:
            Public Key Algorithm: rsaEncryption
                Public-Key: (2048 bit)
                Modulus:
                  ...
                  ...
                  ...
                Exponent: 65537 (0x10001)
        Attributes:
        Requested Extensions:
            X509v3 Subject Alternative Name:
                DNS:m.example.com, DNS:example.com
    Signature Algorithm: sha256WithRSAEncryption
        ...
        ...
        ...
